# JRE version: Java(TM) SE Runtime Environment (8.0_101-b13) (build 1.8.0_101-b13)
# Java VM: Java HotSpot(TM) 64-Bit Server VM (25.101-b13 mixed mode bsd-amd64 compressed oops)
Heap:
 PSYoungGen      total 280576K, used 275408K [0x00000007aab00000, 0x00000007c0000000, 0x00000007c0000000)
  eden space 228352K, 100% used [0x00000007aab00000,0x00000007b8a00000,0x00000007b8a00000)
  from space 52224K, 90% used [0x00000007bcd00000,0x00000007bfaf4038,0x00000007c0000000)
  to   space 60416K, 53% used [0x00000007b8a00000,0x00000007ba9dc130,0x00000007bc500000)
 ParOldGen       total 175104K, used 81840K [0x0000000780000000, 0x000000078ab00000, 0x00000007aab00000)
  object space 175104K, 46% used [0x0000000780000000,0x0000000784fec110,0x000000078ab00000)
 Metaspace       used 6595K, capacity 7320K, committed 7680K, reserved 1056768K
  class space    used 618K, capacity 656K, committed 768K, reserved 1048576K
GC Heap History (10 events):
Event: 0.942 GC heap after
Heap after GC invocations=2 (full 0):
 PSYoungGen      total 141824K, used 10738K [0x00000007aab00000, 0x00000007b4000000, 0x00000007c0000000)
  eden space 131072K, 0% used [0x00000007aab00000,0x00000007aab00000,0x00000007b2b00000)
  from space 10752K, 99% used [0x00000007b3580000,0x00000007b3ffc978,0x00000007b4000000)
  to   space 10752K, 0% used [0x00000007b2b00000,0x00000007b2b00000,0x00000007b3580000)
 ParOldGen       total 175104K, used 3768K [0x0000000780000000, 0x000000078ab00000, 0x00000007aab00000)
  object space 175104K, 2% used [0x0000000780000000,0x00000007803ae3c0,0x000000078ab00000)
 Metaspace       used 6013K, capacity 6960K, committed 7040K, reserved 1056768K
  class space    used 597K, capacity 616K, committed 640K, reserved 1048576K
}
Event: 1.284 GC heap before
{Heap before GC invocations=3 (full 0):
 PSYoungGen      total 141824K, used 141810K [0x00000007aab00000, 0x00000007b4000000, 0x00000007c0000000)
  eden space 131072K, 100% used [0x00000007aab00000,0x00000007b2b00000,0x00000007b2b00000)
  from space 10752K, 99% used [0x00000007b3580000,0x00000007b3ffc978,0x00000007b4000000)
  to   space 10752K, 0% used [0x00000007b2b00000,0x00000007b2b00000,0x00000007b3580000)
 ParOldGen       total 175104K, used 3768K [0x0000000780000000, 0x000000078ab00000, 0x00000007aab00000)
  object space 175104K, 2% used [0x0000000780000000,0x00000007803ae3c0,0x000000078ab00000)
 Metaspace       used 6082K, capacity 7024K, committed 7296K, reserved 1056768K
  class space    used 597K, capacity 616K, committed 640K, reserved 1048576K
Event: 1.311 GC heap after
Heap after GC invocations=3 (full 0):
 PSYoungGen      total 141824K, used 10747K [0x00000007aab00000, 0x00000007bc000000, 0x00000007c0000000)
  eden space 131072K, 0% used [0x00000007aab00000,0x00000007aab00000,0x00000007b2b00000)
  from space 10752K, 99% used [0x00000007b2b00000,0x00000007b357ec88,0x00000007b3580000)
  to   space 10752K, 0% used [0x00000007bb580000,0x00000007bb580000,0x00000007bc000000)
 ParOldGen       total 175104K, used 22460K [0x0000000780000000, 0x000000078ab00000, 0x00000007aab00000)
  object space 175104K, 12% used [0x0000000780000000,0x00000007815ef388,0x000000078ab00000)
 Metaspace       used 6082K, capacity 7024K, committed 7296K, reserved 1056768K
  class space    used 597K, capacity 616K, committed 640K, reserved 1048576K
}
Event: 1.594 GC heap before
{Heap before GC invocations=4 (full 0):
 PSYoungGen      total 141824K, used 141819K [0x00000007aab00000, 0x00000007bc000000, 0x00000007c0000000)
  eden space 131072K, 100% used [0x00000007aab00000,0x00000007b2b00000,0x00000007b2b00000)
  from space 10752K, 99% used [0x00000007b2b00000,0x00000007b357ec88,0x00000007b3580000)
  to   space 10752K, 0% used [0x00000007bb580000,0x00000007bb580000,0x00000007bc000000)
 ParOldGen       total 175104K, used 22460K [0x0000000780000000, 0x000000078ab00000, 0x00000007aab00000)
  object space 175104K, 12% used [0x0000000780000000,0x00000007815ef388,0x000000078ab00000)
 Metaspace       used 6349K, capacity 7192K, committed 7424K, reserved 1056768K
  class space    used 617K, capacity 656K, committed 768K, reserved 1048576K
Event: 1.625 GC heap after
Heap after GC invocations=4 (full 0):
 PSYoungGen      total 272896K, used 10741K [0x00000007aab00000, 0x00000007bc000000, 0x00000007c0000000)
  eden space 262144K, 0% used [0x00000007aab00000,0x00000007aab00000,0x00000007bab00000)
  from space 10752K, 99% used [0x00000007bb580000,0x00000007bbffd610,0x00000007bc000000)
  to   space 10752K, 0% used [0x00000007bab00000,0x00000007bab00000,0x00000007bb580000)
 ParOldGen       total 175104K, used 41378K [0x0000000780000000, 0x000000078ab00000, 0x00000007aab00000)
  object space 175104K, 23% used [0x0000000780000000,0x0000000782868948,0x000000078ab00000)
 Metaspace       used 6349K, capacity 7192K, committed 7424K, reserved 1056768K
  class space    used 617K, capacity 656K, committed 768K, reserved 1048576K
}
Event: 2.116 GC heap before
{Heap before GC invocations=5 (full 0):
 PSYoungGen      total 272896K, used 272885K [0x00000007aab00000, 0x00000007bc000000, 0x00000007c0000000)
  eden space 262144K, 100% used [0x00000007aab00000,0x00000007bab00000,0x00000007bab00000)
  from space 10752K, 99% used [0x00000007bb580000,0x00000007bbffd610,0x00000007bc000000)
  to   space 10752K, 0% used [0x00000007bab00000,0x00000007bab00000,0x00000007bb580000)
 ParOldGen       total 175104K, used 41378K [0x0000000780000000, 0x000000078ab00000, 0x00000007aab00000)
  object space 175104K, 23% used [0x0000000780000000,0x0000000782868948,0x000000078ab00000)
 Metaspace       used 6483K, capacity 7256K, committed 7424K, reserved 1056768K
  class space    used 618K, capacity 656K, committed 768K, reserved 1048576K
Event: 2.161 GC heap after
Heap after GC invocations=5 (full 0):
 PSYoungGen      total 272896K, used 10725K [0x00000007aab00000, 0x00000007c0000000, 0x00000007c0000000)
  eden space 262144K, 0% used [0x00000007aab00000,0x00000007aab00000,0x00000007bab00000)
  from space 10752K, 99% used [0x00000007bab00000,0x00000007bb5795c8,0x00000007bb580000)
  to   space 52224K, 0% used [0x00000007bcd00000,0x00000007bcd00000,0x00000007c0000000)
 ParOldGen       total 175104K, used 75469K [0x0000000780000000, 0x000000078ab00000, 0x00000007aab00000)
  object space 175104K, 43% used [0x0000000780000000,0x00000007849b3600,0x000000078ab00000)
 Metaspace       used 6483K, capacity 7256K, committed 7424K, reserved 1056768K
  class space    used 618K, capacity 656K, committed 768K, reserved 1048576K
}
Event: 2.610 GC heap before
{Heap before GC invocations=6 (full 0):
 PSYoungGen      total 272896K, used 272869K [0x00000007aab00000, 0x00000007c0000000, 0x00000007c0000000)
  eden space 262144K, 100% used [0x00000007aab00000,0x00000007bab00000,0x00000007bab00000)
  from space 10752K, 99% used [0x00000007bab00000,0x00000007bb5795c8,0x00000007bb580000)
  to   space 52224K, 0% used [0x00000007bcd00000,0x00000007bcd00000,0x00000007c0000000)
 ParOldGen       total 175104K, used 75469K [0x0000000780000000, 0x000000078ab00000, 0x00000007aab00000)
  object space 175104K, 43% used [0x0000000780000000,0x00000007849b3600,0x000000078ab00000)
 Metaspace       used 6574K, capacity 7320K, committed 7680K, reserved 1056768K
  class space    used 618K, capacity 656K, committed 768K, reserved 1048576K
Event: 2.663 GC heap after
Heap after GC invocations=6 (full 0):
 PSYoungGen      total 280576K, used 47056K [0x00000007aab00000, 0x00000007c0000000, 0x00000007c0000000)
  eden space 228352K, 0% used [0x00000007aab00000,0x00000007aab00000,0x00000007b8a00000)
  from space 52224K, 90% used [0x00000007bcd00000,0x00000007bfaf4038,0x00000007c0000000)
  to   space 60416K, 0% used [0x00000007b8a00000,0x00000007b8a00000,0x00000007bc500000)
 ParOldGen       total 175104K, used 75469K [0x0000000780000000, 0x000000078ab00000, 0x00000007aab00000)
  object space 175104K, 43% used [0x0000000780000000,0x00000007849b3600,0x000000078ab00000)
 Metaspace       used 6574K, capacity 7320K, committed 7680K, reserved 1056768K
  class space    used 618K, capacity 656K, committed 768K, reserved 1048576K
}
Event: 3.098 GC heap before
{Heap before GC invocations=7 (full 0):
 PSYoungGen      total 280576K, used 275408K [0x00000007aab00000, 0x00000007c0000000, 0x00000007c0000000)
  eden space 228352K, 100% used [0x00000007aab00000,0x00000007b8a00000,0x00000007b8a00000)
  from space 52224K, 90% used [0x00000007bcd00000,0x00000007bfaf4038,0x00000007c0000000)
  to   space 60416K, 0% used [0x00000007b8a00000,0x00000007b8a00000,0x00000007bc500000)
 ParOldGen       total 175104K, used 75469K [0x0000000780000000, 0x000000078ab00000, 0x00000007aab00000)
  object space 175104K, 43% used [0x0000000780000000,0x00000007849b3600,0x000000078ab00000)
 Metaspace       used 6595K, capacity 7320K, committed 7680K, reserved 1056768K
  class space    used 618K, capacity 656K, committed 768K, reserved 1048576K

